app/build/intermediates/manifest_merge_blame_file/debug/processDebugMainManifest/manifest-merger-blame-debug-report.txt
1<?xml version="1.0" encoding="utf-8"?>
2<manifest xmlns:android="http://schemas.android.com/apk/res/android"
3    package="com.vnplanner.mobile"
4    android:versionCode="1"
5    android:versionName="0.1.0" >
6
7    <uses-sdk
8        android:minSdkVersion="23"
9        android:targetSdkVersion="35" />
10
11    <application
11-->src\main\AndroidManifest.xml:2:5-22:19
12        android:allowBackup="true"
12-->src\main\AndroidManifest.xml:5:9-35
13        android:debuggable="true"
14        android:extractNativeLibs="false"
15        android:label="VN Planner"
15-->src\main\AndroidManifest.xml:4:9-35
16        android:supportsRtl="true"
16-->src\main\AndroidManifest.xml:6:9-35
17        android:theme="@style/AppTheme" >
17-->src\main\AndroidManifest.xml:3:9-40
18        <activity
18-->src\main\AndroidManifest.xml:7:9-21:20
19            android:name="com.vnplanner.mobile.MainActivity"
19-->src\main\AndroidManifest.xml:7:19-47
20            android:exported="true"
20-->src\main\AndroidManifest.xml:7:88-111
21            android:screenOrientation="unspecified" >
21-->src\main\AndroidManifest.xml:7:48-87
22            <intent-filter>
22-->src\main\AndroidManifest.xml:8:13-11:29
23                <action android:name="android.intent.action.MAIN" />
23-->src\main\AndroidManifest.xml:9:17-69
23-->src\main\AndroidManifest.xml:9:25-66
24
25                <category android:name="android.intent.category.LAUNCHER" />
25-->src\main\AndroidManifest.xml:10:17-77
25-->src\main\AndroidManifest.xml:10:27-74
26            </intent-filter>
27            <intent-filter>
27-->src\main\AndroidManifest.xml:12:13-20:29
28                <action android:name="android.intent.action.VIEW" />
28-->src\main\AndroidManifest.xml:13:17-69
28-->src\main\AndroidManifest.xml:13:25-66
29
30                <category android:name="android.intent.category.DEFAULT" />
30-->src\main\AndroidManifest.xml:14:17-76
30-->src\main\AndroidManifest.xml:14:27-73
31                <category android:name="android.intent.category.BROWSABLE" />
31-->src\main\AndroidManifest.xml:15:17-78
31-->src\main\AndroidManifest.xml:15:27-75
32
33                <data
33-->src\main\AndroidManifest.xml:16:17-94
34                    android:mimeType="application/octet-stream"
34-->src\main\AndroidManifest.xml:16:48-91
35                    android:scheme="content" />
35-->src\main\AndroidManifest.xml:16:23-47
36                <data
36-->src\main\AndroidManifest.xml:16:17-94
37                    android:mimeType="application/zip"
37-->src\main\AndroidManifest.xml:16:48-91
38                    android:scheme="content" />
38-->src\main\AndroidManifest.xml:16:23-47
39                <data
39-->src\main\AndroidManifest.xml:16:17-94
40                    android:mimeType="text/json"
40-->src\main\AndroidManifest.xml:16:48-91
41                    android:scheme="content" />
41-->src\main\AndroidManifest.xml:16:23-47
42                <data
42-->src\main\AndroidManifest.xml:16:17-94
43                    android:mimeType="application/json"
43-->src\main\AndroidManifest.xml:16:48-91
44                    android:scheme="content" />
44-->src\main\AndroidManifest.xml:16:23-47
45            </intent-filter>
46        </activity>
47    </application>
48
49</manifest>